<?xml version="1.0" encoding="UTF-8"?>
<robot generated="20160810 16:29:49.041" generator="Robot 3.0 (Python 2.7.11 on win32)">
<suite source="C:\Users\bbarnett\Documents\GitHub\LANDPKS_TESTING\RobotTesting\Test_Cases\LANDPKS_External_Pages\DynaTestGened.robot" id="s1" name="DynaTestGened">
<test id="s1-t1" name="Web App Test Case 2.3.x Windows 7 internet explorer">
<kw name="Get Sauce Creds Jenkins" library="SauceLabs">
<assign>
<var>${Creds}</var>
</assign>
<msg timestamp="20160810 16:29:49.256" level="INFO">${Creds} = http://Barnebre:216526d7-706f-4eff-bf40-9d774203e268@ondemand.saucelabs.com:80/wd/hub</msg>
<status status="PASS" endtime="20160810 16:29:49.256" starttime="20160810 16:29:49.255"></status>
</kw>
<kw name="Set Browser" library="Test_Case">
<arguments>
<arg>${Creds}</arg>
<arg>bSelenium=True</arg>
<arg>platform=${Platform}</arg>
<arg>os=${OS}</arg>
<arg>browserName=${BrowserName}</arg>
<arg>browser-version=${BrowserVersion}</arg>
</arguments>
<msg timestamp="20160810 16:29:49.256" level="INFO">Opening browser 'firefox' to base url 'http://www.google.com' through remote server at 'http://Barnebre:216526d7-706f-4eff-bf40-9d774203e268@ondemand.saucelabs.com:80/wd/hub'</msg>
<status status="PASS" endtime="20160810 16:29:53.433" starttime="20160810 16:29:49.256"></status>
</kw>
<kw name="Test Case 2 3" library="Test_Case">
<arguments>
<arg>bSelenium=True</arg>
</arguments>
<msg timestamp="20160810 16:30:55.596" level="ERROR">WebDriver exception unknown error while finding element //div[@nav-bar='active']//span[@class='right-buttons']/a[@class='button button-icon ion-ios-rainy'] by xpath</msg>
<msg timestamp="20160810 16:30:55.597" level="INFO">1 sucessful activies.</msg>
<msg timestamp="20160810 16:30:55.597" level="INFO">Test 2.1.1 Pass</msg>
<msg timestamp="20160810 16:30:55.609" level="INFO">Starting new HTTPS connection (1): saucelabs.com</msg>
<msg timestamp="20160810 16:30:56.927" html="yes" level="INFO">&lt;a href="https://saucelabs.com/jobs/ee20f7e31e5a470793891902991a6aab/video.flv"&gt;video.flv&lt;/a&gt;</msg>
<msg timestamp="20160810 16:30:57.126" level="ERROR">Test Case Failed at 0:01:07.870000 in video.</msg>
<msg timestamp="20160810 16:30:57.129" level="FAIL">TestFailedException</msg>
<status status="FAIL" endtime="20160810 16:30:57.129" starttime="20160810 16:29:53.434"></status>
</kw>
<doc>Launches Web App directly and Runs tests in category 2.3 of manual test plan. Library and test structure is in library Test_case.py. Return what tests failed and were successful. Test Fails if Critical test is a failure.</doc>
<tags>
<tag>WebApp</tag>
</tags>
<status status="FAIL" endtime="20160810 16:30:57.130" critical="yes" starttime="20160810 16:29:49.254">TestFailedException</status>
</test>
<test id="s1-t2" name="Web App Test Case 2.1.x Windows 7 internet explorer">
<kw name="Get Sauce Creds Jenkins" library="SauceLabs">
<assign>
<var>${Creds}</var>
</assign>
<msg timestamp="20160810 16:30:57.137" level="INFO">${Creds} = http://Barnebre:216526d7-706f-4eff-bf40-9d774203e268@ondemand.saucelabs.com:80/wd/hub</msg>
<status status="PASS" endtime="20160810 16:30:57.137" starttime="20160810 16:30:57.136"></status>
</kw>
<kw name="Set Browser" library="Test_Case">
<arguments>
<arg>${Creds}</arg>
<arg>bSelenium=True</arg>
<arg>platform=${Platform}</arg>
<arg>os=${OS}</arg>
<arg>browserName=${BrowserName}</arg>
<arg>browser-version=${BrowserVersion}</arg>
</arguments>
<msg timestamp="20160810 16:30:57.139" level="INFO">Opening browser 'firefox' to base url 'http://www.google.com' through remote server at 'http://Barnebre:216526d7-706f-4eff-bf40-9d774203e268@ondemand.saucelabs.com:80/wd/hub'</msg>
<status status="PASS" endtime="20160810 16:31:01.242" starttime="20160810 16:30:57.137"></status>
</kw>
<kw name="Test Case 2" library="Test_Case">
<arguments>
<arg>bSelenium=True</arg>
</arguments>
<msg timestamp="20160810 16:31:59.398" level="ERROR">WebDriver exception unknown error while finding element //div[@nav-bar='active']//span[@class='right-buttons']/a[@class='button button-icon ion-gear-b'] by xpath</msg>
<msg timestamp="20160810 16:31:59.399" level="ERROR">Test 2.1 Failed at 0:01:02.259000 in video.</msg>
<msg timestamp="20160810 16:31:59.399" level="ERROR">Encountered 1 error(s).</msg>
<msg timestamp="20160810 16:31:59.399" level="ERROR">Test 2.1 Failed at 0:01:02.259000 in video.</msg>
<msg timestamp="20160810 16:31:59.400" level="INFO">1 sucessful activies.</msg>
<msg timestamp="20160810 16:31:59.400" level="INFO">Test 2.1.1 Pass</msg>
<msg timestamp="20160810 16:31:59.405" level="INFO">Starting new HTTPS connection (1): saucelabs.com</msg>
<msg timestamp="20160810 16:31:59.643" html="yes" level="INFO">&lt;a href="https://saucelabs.com/jobs/f2edec783a974850aa406fa6b064d8ae/video.flv"&gt;video.flv&lt;/a&gt;</msg>
<msg timestamp="20160810 16:31:59.841" level="ERROR">Test Case Failed at 0:01:02.701000 in video.</msg>
<msg timestamp="20160810 16:31:59.842" level="FAIL">TestFailedException</msg>
<status status="FAIL" endtime="20160810 16:31:59.843" starttime="20160810 16:31:01.243"></status>
</kw>
<doc>Launches Web App directly and tests addition of a plot and Runs tests in category 2.1 of manual test plan. Library and test structure is in library Test case.py. Return what tests failed and were successful. Test Fails if Critical test is a failure.</doc>
<tags>
<tag>WebApp</tag>
</tags>
<status status="FAIL" endtime="20160810 16:31:59.843" critical="yes" starttime="20160810 16:30:57.132">TestFailedException</status>
</test>
<test id="s1-t3" name="Web App Test Case 2.4.x Windows 7 internet explorer">
<kw name="Get Sauce Creds Jenkins" library="SauceLabs">
<assign>
<var>${Creds}</var>
</assign>
<msg timestamp="20160810 16:31:59.850" level="INFO">${Creds} = http://Barnebre:216526d7-706f-4eff-bf40-9d774203e268@ondemand.saucelabs.com:80/wd/hub</msg>
<status status="PASS" endtime="20160810 16:31:59.850" starttime="20160810 16:31:59.849"></status>
</kw>
<kw name="Set Browser" library="Test_Case">
<arguments>
<arg>${Creds}</arg>
<arg>bSelenium=True</arg>
<arg>platform=${Platform}</arg>
<arg>os=${OS}</arg>
<arg>browserName=${BrowserName}</arg>
<arg>browser-version=${BrowserVersion}</arg>
</arguments>
<msg timestamp="20160810 16:31:59.852" level="INFO">Opening browser 'firefox' to base url 'http://www.google.com' through remote server at 'http://Barnebre:216526d7-706f-4eff-bf40-9d774203e268@ondemand.saucelabs.com:80/wd/hub'</msg>
<status status="PASS" endtime="20160810 16:32:05.471" starttime="20160810 16:31:59.850"></status>
</kw>
<kw name="Test Case 2 4" library="Test_Case">
<arguments>
<arg>bSelenium=True</arg>
</arguments>
<msg timestamp="20160810 16:33:04.969" level="ERROR">WebDriver exception unknown error while finding element //div[@nav-bar='active']//span[@class='right-buttons']/a[@class='button button-icon ion-plus-round'] by xpath</msg>
<msg timestamp="20160810 16:33:04.970" level="INFO">1 sucessful activies.</msg>
<msg timestamp="20160810 16:33:04.970" level="INFO">Test 2.1.1 Pass</msg>
<msg timestamp="20160810 16:33:04.976" level="INFO">Starting new HTTPS connection (1): saucelabs.com</msg>
<msg timestamp="20160810 16:33:05.288" html="yes" level="INFO">&lt;a href="https://saucelabs.com/jobs/b89a4b7ef5ab483a9cd60851a44ca7bd/video.flv"&gt;video.flv&lt;/a&gt;</msg>
<msg timestamp="20160810 16:33:05.517" level="FAIL">Exception</msg>
<status status="FAIL" endtime="20160810 16:33:05.517" starttime="20160810 16:32:05.471"></status>
</kw>
<doc>Launches Web App directly and tests addition of a plot and Runs tests in category 2.4 of manual test plan. Library and test structure is in library Test case.py. Return what tests failed and were successful. Test Fails if Critical test is a failure.</doc>
<tags>
<tag>WebApp</tag>
</tags>
<status status="FAIL" endtime="20160810 16:33:05.518" critical="yes" starttime="20160810 16:31:59.845">Exception</status>
</test>
<test id="s1-t4" name="Web App Test Case 0.x Windows 7 internet explorer">
<kw name="Get Sauce Creds Jenkins" library="SauceLabs">
<assign>
<var>${Creds}</var>
</assign>
<msg timestamp="20160810 16:33:05.525" level="INFO">${Creds} = http://Barnebre:216526d7-706f-4eff-bf40-9d774203e268@ondemand.saucelabs.com:80/wd/hub</msg>
<status status="PASS" endtime="20160810 16:33:05.526" starttime="20160810 16:33:05.524"></status>
</kw>
<kw name="Set Browser" library="Test_Case">
<arguments>
<arg>${Creds}</arg>
<arg>bSelenium=True</arg>
<arg>platform=${Platform}</arg>
<arg>os=${OS}</arg>
<arg>browserName=${BrowserName}</arg>
<arg>browser-version=${BrowserVersion}</arg>
</arguments>
<msg timestamp="20160810 16:33:05.528" level="INFO">Opening browser 'firefox' to base url 'http://www.google.com' through remote server at 'http://Barnebre:216526d7-706f-4eff-bf40-9d774203e268@ondemand.saucelabs.com:80/wd/hub'</msg>
<status status="PASS" endtime="20160810 16:33:09.453" starttime="20160810 16:33:05.526"></status>
</kw>
<kw name="Test Case 0" library="Test_Case">
<arguments>
<arg>bSelenium=True</arg>
</arguments>
<msg timestamp="20160810 16:34:12.451" level="ERROR">WebDriver exception unknown error while finding element //div[@nav-bar='active']//span[@class='right-buttons']/a[@class='button button-icon ion-plus-round'] by xpath</msg>
<msg timestamp="20160810 16:34:12.452" level="ERROR">Test 0.3 Failed at 0:01:06.924000 in video.</msg>
<msg timestamp="20160810 16:34:12.452" level="ERROR">Encountered 1 error(s).</msg>
<msg timestamp="20160810 16:34:12.452" level="ERROR">Test 0.3 Failed at 0:01:06.924000 in video.</msg>
<msg timestamp="20160810 16:34:12.453" level="INFO">1 sucessful activies.</msg>
<msg timestamp="20160810 16:34:12.453" level="INFO">Test 2.1.1 Pass</msg>
<msg timestamp="20160810 16:34:12.458" level="INFO">Starting new HTTPS connection (1): saucelabs.com</msg>
<msg timestamp="20160810 16:34:12.761" html="yes" level="INFO">&lt;a href="https://saucelabs.com/jobs/fd45db4b6d0a457bb5307d56a2443dc4/video.flv"&gt;video.flv&lt;/a&gt;</msg>
<msg timestamp="20160810 16:34:12.967" level="ERROR">Test Case Failed at 0:01:07.439000 in video.</msg>
<msg timestamp="20160810 16:34:12.969" level="FAIL">TestFailedException</msg>
<status status="FAIL" endtime="20160810 16:34:12.970" starttime="20160810 16:33:09.454"></status>
</kw>
<doc>[Documentation] Launches Web App directly and tests addition of a plot and Runs tests in category 0 of manual test plan on app tests this includes airplane testing. This is skipped for web app as airplane mode doesn't exist.. Library and test structure is in library Test case.py. Return what tests failed and were successful. Test Fails if Critical test is a failure.</doc>
<tags>
<tag>WebApp</tag>
</tags>
<status status="FAIL" endtime="20160810 16:34:12.970" critical="yes" starttime="20160810 16:33:05.519">TestFailedException</status>
</test>
<test id="s1-t5" name="Web App Test Case 3.1.x Windows 7 internet explorer">
<kw name="Get Sauce Creds Jenkins" library="SauceLabs">
<assign>
<var>${Creds}</var>
</assign>
<msg timestamp="20160810 16:34:12.977" level="INFO">${Creds} = http://Barnebre:216526d7-706f-4eff-bf40-9d774203e268@ondemand.saucelabs.com:80/wd/hub</msg>
<status status="PASS" endtime="20160810 16:34:12.978" starttime="20160810 16:34:12.977"></status>
</kw>
<kw name="Set Browser" library="Test_Case">
<arguments>
<arg>${Creds}</arg>
<arg>bSelenium=True</arg>
<arg>platform=${Platform}</arg>
<arg>os=${OS}</arg>
<arg>browserName=${BrowserName}</arg>
<arg>browser-version=${BrowserVersion}</arg>
</arguments>
<msg timestamp="20160810 16:34:12.980" level="INFO">Opening browser 'firefox' to base url 'http://www.google.com' through remote server at 'http://Barnebre:216526d7-706f-4eff-bf40-9d774203e268@ondemand.saucelabs.com:80/wd/hub'</msg>
<status status="PASS" endtime="20160810 16:34:16.676" starttime="20160810 16:34:12.978"></status>
</kw>
<kw name="Verify Portal And App Data Match" library="Test_Case">
<arguments>
<arg>bSelenium=True</arg>
</arguments>
<msg timestamp="20160810 16:34:16.681" level="INFO">Starting new HTTP connection (1): testapi.landpotential.org</msg>
<msg timestamp="20160810 17:05:11.391" level="FAIL">WebDriverException: Message: ERROR The test with session id fcb5f8531fa941c3bfa80a071791f051 has already finished, and can't receive further commands.
You can learn more at https://saucelabs.com/jobs/fcb5f8531fa941c3bfa80a071791f051
For help, please check https://wiki.saucelabs.com/display/DOCS/Common+Error+Messages
</msg>
<status status="FAIL" endtime="20160810 17:05:11.392" starttime="20160810 16:34:16.677"></status>
</kw>
<doc>[Documentation] Launches Web App directly and tests addition of a plot and Runs tests in category 3.1 of manual test plan on app tests This test takes a good while on phone emulation.. Library and test structure is in library Test case.py. Return what tests failed and were successful. Test Fails if Critical test is a failure.</doc>
<tags>
<tag>Portal</tag>
<tag>WebApp</tag>
</tags>
<status status="FAIL" endtime="20160810 17:05:11.392" critical="yes" starttime="20160810 16:34:12.972">WebDriverException: Message: ERROR The test with session id fcb5f8531fa941c3bfa80a071791f051 has already finished, and can't receive further commands.
You can learn more at https://saucelabs.com/jobs/fcb5f8531fa941c3bfa80a071791f051
For help, please check https://wiki.saucelabs.com/display/DOCS/Common+Error+Messages
</status>
</test>
<test id="s1-t6" name="Web App Test Case 2.3.x Win8_1 internet explorer">
<kw name="Get Sauce Creds Jenkins" library="SauceLabs">
<assign>
<var>${Creds}</var>
</assign>
<msg timestamp="20160810 17:05:11.400" level="INFO">${Creds} = http://Barnebre:216526d7-706f-4eff-bf40-9d774203e268@ondemand.saucelabs.com:80/wd/hub</msg>
<status status="PASS" endtime="20160810 17:05:11.400" starttime="20160810 17:05:11.399"></status>
</kw>
<kw name="Set Browser" library="Test_Case">
<arguments>
<arg>${Creds}</arg>
<arg>bSelenium=True</arg>
<arg>platform=${Platform}</arg>
<arg>os=${OS}</arg>
<arg>browserName=${BrowserName}</arg>
<arg>browser-version=${BrowserVersion}</arg>
</arguments>
<msg timestamp="20160810 17:05:11.403" level="INFO">Opening browser 'firefox' to base url 'http://www.google.com' through remote server at 'http://Barnebre:216526d7-706f-4eff-bf40-9d774203e268@ondemand.saucelabs.com:80/wd/hub'</msg>
<status status="PASS" endtime="20160810 17:05:17.111" starttime="20160810 17:05:11.401"></status>
</kw>
<kw name="Test Case 2 3" library="Test_Case">
<arguments>
<arg>bSelenium=True</arg>
</arguments>
<msg timestamp="20160810 17:06:15.919" level="ERROR">WebDriver exception unknown error while finding element //div[@nav-bar='active']//span[@class='right-buttons']/a[@class='button button-icon ion-ios-rainy'] by xpath</msg>
<msg timestamp="20160810 17:06:15.920" level="INFO">1 sucessful activies.</msg>
<msg timestamp="20160810 17:06:15.920" level="INFO">Test 2.1.1 Pass</msg>
<msg timestamp="20160810 17:06:15.923" level="INFO">Starting new HTTPS connection (1): saucelabs.com</msg>
<msg timestamp="20160810 17:06:16.248" html="yes" level="INFO">&lt;a href="https://saucelabs.com/jobs/dd8f1d303d6f40959f81e6b9dc3effa4/video.flv"&gt;video.flv&lt;/a&gt;</msg>
<msg timestamp="20160810 17:06:16.724" level="ERROR">Test Case Failed at 0:01:05.322000 in video.</msg>
<msg timestamp="20160810 17:06:16.726" level="FAIL">TestFailedException</msg>
<status status="FAIL" endtime="20160810 17:06:16.726" starttime="20160810 17:05:17.111"></status>
</kw>
<doc>Launches Web App directly and Runs tests in category 2.3 of manual test plan. Library and test structure is in library Test_case.py. Return what tests failed and were successful. Test Fails if Critical test is a failure.</doc>
<tags>
<tag>WebApp</tag>
</tags>
<status status="FAIL" endtime="20160810 17:06:16.727" critical="yes" starttime="20160810 17:05:11.395">TestFailedException</status>
</test>
<test id="s1-t7" name="Web App Test Case 2.1.x Win8_1 internet explorer">
<kw name="Get Sauce Creds Jenkins" library="SauceLabs">
<assign>
<var>${Creds}</var>
</assign>
<msg timestamp="20160810 17:06:16.733" level="INFO">${Creds} = http://Barnebre:216526d7-706f-4eff-bf40-9d774203e268@ondemand.saucelabs.com:80/wd/hub</msg>
<status status="PASS" endtime="20160810 17:06:16.733" starttime="20160810 17:06:16.732"></status>
</kw>
<kw name="Set Browser" library="Test_Case">
<arguments>
<arg>${Creds}</arg>
<arg>bSelenium=True</arg>
<arg>platform=${Platform}</arg>
<arg>os=${OS}</arg>
<arg>browserName=${BrowserName}</arg>
<arg>browser-version=${BrowserVersion}</arg>
</arguments>
<msg timestamp="20160810 17:06:16.736" level="INFO">Opening browser 'firefox' to base url 'http://www.google.com' through remote server at 'http://Barnebre:216526d7-706f-4eff-bf40-9d774203e268@ondemand.saucelabs.com:80/wd/hub'</msg>
<status status="PASS" endtime="20160810 17:06:20.436" starttime="20160810 17:06:16.734"></status>
</kw>
<kw name="Test Case 2" library="Test_Case">
<arguments>
<arg>bSelenium=True</arg>
</arguments>
<msg timestamp="20160810 17:07:21.431" level="INFO">3 sucessful activies.</msg>
<msg timestamp="20160810 17:07:21.432" level="INFO">Test 2.1.1 Pass</msg>
<msg timestamp="20160810 17:07:21.432" level="INFO">Test 2.1.4 Pass</msg>
<msg timestamp="20160810 17:07:21.432" level="INFO">Test 2.1.1 Pass</msg>
<msg timestamp="20160810 17:07:21.437" level="INFO">Starting new HTTPS connection (1): saucelabs.com</msg>
<msg timestamp="20160810 17:07:21.672" html="yes" level="INFO">&lt;a href="https://saucelabs.com/jobs/9e40a07accf349e5837c146f17bf50ae/video.flv"&gt;video.flv&lt;/a&gt;</msg>
<status status="PASS" endtime="20160810 17:07:21.877" starttime="20160810 17:06:20.436"></status>
</kw>
<doc>Launches Web App directly and tests addition of a plot and Runs tests in category 2.1 of manual test plan. Library and test structure is in library Test case.py. Return what tests failed and were successful. Test Fails if Critical test is a failure.</doc>
<tags>
<tag>WebApp</tag>
</tags>
<status status="PASS" endtime="20160810 17:07:21.877" critical="yes" starttime="20160810 17:06:16.728"></status>
</test>
<test id="s1-t8" name="Web App Test Case 2.4.x Win8_1 internet explorer">
<kw name="Get Sauce Creds Jenkins" library="SauceLabs">
<assign>
<var>${Creds}</var>
</assign>
<msg timestamp="20160810 17:07:21.883" level="INFO">${Creds} = http://Barnebre:216526d7-706f-4eff-bf40-9d774203e268@ondemand.saucelabs.com:80/wd/hub</msg>
<status status="PASS" endtime="20160810 17:07:21.884" starttime="20160810 17:07:21.883"></status>
</kw>
<kw name="Set Browser" library="Test_Case">
<arguments>
<arg>${Creds}</arg>
<arg>bSelenium=True</arg>
<arg>platform=${Platform}</arg>
<arg>os=${OS}</arg>
<arg>browserName=${BrowserName}</arg>
<arg>browser-version=${BrowserVersion}</arg>
</arguments>
<msg timestamp="20160810 17:07:21.886" level="INFO">Opening browser 'firefox' to base url 'http://www.google.com' through remote server at 'http://Barnebre:216526d7-706f-4eff-bf40-9d774203e268@ondemand.saucelabs.com:80/wd/hub'</msg>
<status status="PASS" endtime="20160810 17:07:26.074" starttime="20160810 17:07:21.884"></status>
</kw>
<kw name="Test Case 2 4" library="Test_Case">
<arguments>
<arg>bSelenium=True</arg>
</arguments>
<msg timestamp="20160810 17:08:19.420" level="INFO">Adding new Plot using landinfo tab</msg>
<msg timestamp="20160810 17:08:20.988" level="INFO">Sending GyHGs7UXhD to WebElement &lt;selenium.webdriver.remote.webelement.WebElement (session="b9bb217c3ce246e1909baa956c759773", element="0.9866611971519887-7")&gt;</msg>
<msg timestamp="20160810 17:08:22.210" level="INFO">Sending 0ddUHvmaHQlAG to WebElement &lt;selenium.webdriver.remote.webelement.WebElement (session="b9bb217c3ce246e1909baa956c759773", element="0.9866611971519887-10")&gt;</msg>
<msg timestamp="20160810 17:08:23.003" level="INFO">Sending -49 to WebElement &lt;selenium.webdriver.remote.webelement.WebElement (session="b9bb217c3ce246e1909baa956c759773", element="0.9866611971519887-11")&gt;</msg>
<msg timestamp="20160810 17:08:23.686" level="INFO">Sending 97 to WebElement &lt;selenium.webdriver.remote.webelement.WebElement (session="b9bb217c3ce246e1909baa956c759773", element="0.9866611971519887-12")&gt;</msg>
<msg timestamp="20160810 17:14:34.193" level="INFO">70 sucessful activies.</msg>
<msg timestamp="20160810 17:14:34.193" level="INFO">Test 2.1.1 Pass</msg>
<msg timestamp="20160810 17:14:34.194" level="INFO">Test 2.4.1 Pass</msg>
<msg timestamp="20160810 17:14:34.194" level="INFO">Test 2.4.1.1 Pass</msg>
<msg timestamp="20160810 17:14:34.194" level="INFO">Test 2.4.1.3 Pass</msg>
<msg timestamp="20160810 17:14:34.194" level="INFO">Test 2.4.1.2 Pass</msg>
<msg timestamp="20160810 17:14:34.194" level="INFO">Test 2.4.1.3.3 Pass</msg>
<msg timestamp="20160810 17:14:34.194" level="INFO">Test 2.4.2 Pass</msg>
<msg timestamp="20160810 17:14:34.194" level="INFO">Test 2.4.3 Pass</msg>
<msg timestamp="20160810 17:14:34.195" level="INFO">Test 2.4.4 Pass</msg>
<msg timestamp="20160810 17:14:34.195" level="INFO">Test 2.4.5 Pass</msg>
<msg timestamp="20160810 17:14:34.195" level="INFO">Test 2.4.6 Pass</msg>
<msg timestamp="20160810 17:14:34.195" level="INFO">Test 2.4.7.1.1 Pass</msg>
<msg timestamp="20160810 17:14:34.195" level="INFO"> Test 2.4.7.1.2.2.1.1 Pass</msg>
<msg timestamp="20160810 17:14:34.195" level="INFO">Test 2.4.7.1.2.2.1 Pass</msg>
<msg timestamp="20160810 17:14:34.195" level="INFO">Test 2.4.7.1.2.2.2.1 Pass</msg>
<msg timestamp="20160810 17:14:34.196" level="INFO">Test 2.4.7.1.2.2.2 Pass</msg>
<msg timestamp="20160810 17:14:34.196" level="INFO">Test 2.4.7.1.2.2.3.1 Pass</msg>
<msg timestamp="20160810 17:14:34.196" level="INFO">Test 2.4.7.1.2.2.3 Pass</msg>
<msg timestamp="20160810 17:14:34.196" level="INFO">Test 2.4.7.1.2.2.4.1 Pass</msg>
<msg timestamp="20160810 17:14:34.196" level="INFO">Test 2.4.7.2.1 Pass</msg>
<msg timestamp="20160810 17:14:34.196" level="INFO"> Test 2.4.7.2.2.2.1.1 Pass</msg>
<msg timestamp="20160810 17:14:34.196" level="INFO">Test 2.4.7.2.2.2.1 Pass</msg>
<msg timestamp="20160810 17:14:34.197" level="INFO">Test 2.4.7.2.2.2.2.1 Pass</msg>
<msg timestamp="20160810 17:14:34.197" level="INFO">Test 2.4.7.2.2.2.2 Pass</msg>
<msg timestamp="20160810 17:14:34.197" level="INFO">Test 2.4.7.2.2.2.3.1 Pass</msg>
<msg timestamp="20160810 17:14:34.197" level="INFO">Test 2.4.7.2.2.2.3 Pass</msg>
<msg timestamp="20160810 17:14:34.197" level="INFO">Test 2.4.7.2.2.2.4.1 Pass</msg>
<msg timestamp="20160810 17:14:34.197" level="INFO">Test 2.4.7.3.1 Pass</msg>
<msg timestamp="20160810 17:14:34.197" level="INFO"> Test 2.4.7.3.2.2.1.1 Pass</msg>
<msg timestamp="20160810 17:14:34.197" level="INFO">Test 2.4.7.3.2.2.1 Pass</msg>
<msg timestamp="20160810 17:14:34.198" level="INFO">Test 2.4.7.3.2.2.2.1 Pass</msg>
<msg timestamp="20160810 17:14:34.198" level="INFO">Test 2.4.7.3.2.2.2 Pass</msg>
<msg timestamp="20160810 17:14:34.198" level="INFO">Test 2.4.7.3.2.2.3.1 Pass</msg>
<msg timestamp="20160810 17:14:34.198" level="INFO">Test 2.4.7.3.2.2.3 Pass</msg>
<msg timestamp="20160810 17:14:34.198" level="INFO">Test 2.4.7.3.2.2.4.1 Pass</msg>
<msg timestamp="20160810 17:14:34.198" level="INFO">Test 2.4.7.4.1 Pass</msg>
<msg timestamp="20160810 17:14:34.198" level="INFO"> Test 2.4.7.4.2.2.1.1 Pass</msg>
<msg timestamp="20160810 17:14:34.199" level="INFO">Test 2.4.7.4.2.2.1 Pass</msg>
<msg timestamp="20160810 17:14:34.199" level="INFO">Test 2.4.7.4.2.2.2.1 Pass</msg>
<msg timestamp="20160810 17:14:34.199" level="INFO">Test 2.4.7.4.2.2.2 Pass</msg>
<msg timestamp="20160810 17:14:34.199" level="INFO">Test 2.4.7.4.2.2.3.1 Pass</msg>
<msg timestamp="20160810 17:14:34.199" level="INFO">Test 2.4.7.4.2.2.3 Pass</msg>
<msg timestamp="20160810 17:14:34.199" level="INFO">Test 2.4.7.4.2.2.4.1 Pass</msg>
<msg timestamp="20160810 17:14:34.199" level="INFO">Test 2.4.7.5.1 Pass</msg>
<msg timestamp="20160810 17:14:34.200" level="INFO"> Test 2.4.7.5.2.2.1.1 Pass</msg>
<msg timestamp="20160810 17:14:34.200" level="INFO">Test 2.4.7.5.2.2.1 Pass</msg>
<msg timestamp="20160810 17:14:34.200" level="INFO">Test 2.4.7.5.2.2.2.1 Pass</msg>
<msg timestamp="20160810 17:14:34.200" level="INFO">Test 2.4.7.5.2.2.2 Pass</msg>
<msg timestamp="20160810 17:14:34.200" level="INFO">Test 2.4.7.5.2.2.3.1 Pass</msg>
<msg timestamp="20160810 17:14:34.200" level="INFO">Test 2.4.7.5.2.2.3 Pass</msg>
<msg timestamp="20160810 17:14:34.200" level="INFO">Test 2.4.7.5.2.2.4.1 Pass</msg>
<msg timestamp="20160810 17:14:34.201" level="INFO">Test 2.4.7.6.1 Pass</msg>
<msg timestamp="20160810 17:14:34.201" level="INFO"> Test 2.4.7.6.2.2.1.1 Pass</msg>
<msg timestamp="20160810 17:14:34.201" level="INFO">Test 2.4.7.6.2.2.1 Pass</msg>
<msg timestamp="20160810 17:14:34.201" level="INFO">Test 2.4.7.6.2.2.2.1 Pass</msg>
<msg timestamp="20160810 17:14:34.201" level="INFO">Test 2.4.7.6.2.2.2 Pass</msg>
<msg timestamp="20160810 17:14:34.201" level="INFO">Test 2.4.7.6.2.2.3.1 Pass</msg>
<msg timestamp="20160810 17:14:34.201" level="INFO">Test 2.4.7.6.2.2.3 Pass</msg>
<msg timestamp="20160810 17:14:34.202" level="INFO">Test 2.4.7.6.2.2.4.1 Pass</msg>
<msg timestamp="20160810 17:14:34.202" level="INFO">Test 2.4.7.7.1 Pass</msg>
<msg timestamp="20160810 17:14:34.202" level="INFO"> Test 2.4.7.7.2.2.1.1 Pass</msg>
<msg timestamp="20160810 17:14:34.202" level="INFO">Test 2.4.7.7.2.2.1 Pass</msg>
<msg timestamp="20160810 17:14:34.202" level="INFO">Test 2.4.7.7.2.2.2.1 Pass</msg>
<msg timestamp="20160810 17:14:34.202" level="INFO">Test 2.4.7.7.2.2.2 Pass</msg>
<msg timestamp="20160810 17:14:34.202" level="INFO">Test 2.4.7.7.2.2.3.1 Pass</msg>
<msg timestamp="20160810 17:14:34.203" level="INFO">Test 2.4.7.7.2.2.3 Pass</msg>
<msg timestamp="20160810 17:14:34.203" level="INFO">Test 2.4.7.7.2.2.4.1 Pass</msg>
<msg timestamp="20160810 17:14:34.203" level="INFO">Test 2.4.7 Pass</msg>
<msg timestamp="20160810 17:14:34.203" level="INFO">Test 2.4.9.1 Pass. GyHGs7UXhD was submitted</msg>
<msg timestamp="20160810 17:14:34.203" level="INFO">Test 2.4.9 Pass</msg>
<msg timestamp="20160810 17:14:34.208" level="INFO">Starting new HTTPS connection (1): saucelabs.com</msg>
<msg timestamp="20160810 17:14:34.553" html="yes" level="INFO">&lt;a href="https://saucelabs.com/jobs/b9bb217c3ce246e1909baa956c759773/video.flv"&gt;video.flv&lt;/a&gt;</msg>
<status status="PASS" endtime="20160810 17:14:34.919" starttime="20160810 17:07:26.075"></status>
</kw>
<doc>Launches Web App directly and tests addition of a plot and Runs tests in category 2.4 of manual test plan. Library and test structure is in library Test case.py. Return what tests failed and were successful. Test Fails if Critical test is a failure.</doc>
<tags>
<tag>WebApp</tag>
</tags>
<status status="PASS" endtime="20160810 17:14:34.920" critical="yes" starttime="20160810 17:07:21.879"></status>
</test>
<test id="s1-t9" name="Web App Test Case 0.x Win8_1 internet explorer">
<kw name="Get Sauce Creds Jenkins" library="SauceLabs">
<assign>
<var>${Creds}</var>
</assign>
<msg timestamp="20160810 17:14:34.927" level="INFO">${Creds} = http://Barnebre:216526d7-706f-4eff-bf40-9d774203e268@ondemand.saucelabs.com:80/wd/hub</msg>
<status status="PASS" endtime="20160810 17:14:34.927" starttime="20160810 17:14:34.926"></status>
</kw>
<kw name="Set Browser" library="Test_Case">
<arguments>
<arg>${Creds}</arg>
<arg>bSelenium=True</arg>
<arg>platform=${Platform}</arg>
<arg>os=${OS}</arg>
<arg>browserName=${BrowserName}</arg>
<arg>browser-version=${BrowserVersion}</arg>
</arguments>
<msg timestamp="20160810 17:14:34.929" level="INFO">Opening browser 'firefox' to base url 'http://www.google.com' through remote server at 'http://Barnebre:216526d7-706f-4eff-bf40-9d774203e268@ondemand.saucelabs.com:80/wd/hub'</msg>
<status status="PASS" endtime="20160810 17:14:40.894" starttime="20160810 17:14:34.928"></status>
</kw>
<kw name="Test Case 0" library="Test_Case">
<arguments>
<arg>bSelenium=True</arg>
</arguments>
<msg timestamp="20160810 17:15:35.910" level="INFO">Adding new Plot using landinfo tab</msg>
<msg timestamp="20160810 17:15:36.273" level="INFO">Sending 8qjT1UBOJeA9 to WebElement &lt;selenium.webdriver.remote.webelement.WebElement (session="fd39302671e647b9b54781801eb8021b", element="0.09838301711715758-7")&gt;</msg>
<msg timestamp="20160810 17:15:38.306" level="INFO">Sending vwiRuxfj to WebElement &lt;selenium.webdriver.remote.webelement.WebElement (session="fd39302671e647b9b54781801eb8021b", element="0.09838301711715758-10")&gt;</msg>
<msg timestamp="20160810 17:15:38.883" level="INFO">Sending 139.222834668 to WebElement &lt;selenium.webdriver.remote.webelement.WebElement (session="fd39302671e647b9b54781801eb8021b", element="0.09838301711715758-11")&gt;</msg>
<msg timestamp="20160810 17:15:40.433" level="INFO">Sending -22 to WebElement &lt;selenium.webdriver.remote.webelement.WebElement (session="fd39302671e647b9b54781801eb8021b", element="0.09838301711715758-12")&gt;</msg>
<msg timestamp="20160810 17:21:23.790" level="INFO">22 sucessful activies.</msg>
<msg timestamp="20160810 17:21:23.790" level="INFO">Test 2.1.1 Pass</msg>
<msg timestamp="20160810 17:21:23.790" level="INFO">Test 2.4.1.1 Pass</msg>
<msg timestamp="20160810 17:21:23.790" level="INFO">Test 2.4.1.3 Pass</msg>
<msg timestamp="20160810 17:21:23.790" level="INFO">Test 2.4.1.2 Pass</msg>
<msg timestamp="20160810 17:21:23.791" level="INFO">Test 2.4.1.3.3 Pass</msg>
<msg timestamp="20160810 17:21:23.791" level="INFO">Test 2.4.4 Pass</msg>
<msg timestamp="20160810 17:21:23.791" level="INFO">Test 2.4.7.1.1 Pass</msg>
<msg timestamp="20160810 17:21:23.791" level="INFO"> Test 2.4.7.1.2.2.1.1 Pass</msg>
<msg timestamp="20160810 17:21:23.791" level="INFO">Test 2.4.7.1.2.2.1 Pass</msg>
<msg timestamp="20160810 17:21:23.791" level="INFO">Test 2.4.7.1.2.2.2.1 Pass</msg>
<msg timestamp="20160810 17:21:23.791" level="INFO">Test 2.4.7.1.2.2.2 Pass</msg>
<msg timestamp="20160810 17:21:23.792" level="INFO">Test 2.4.7.1.2.2.3.1 Pass</msg>
<msg timestamp="20160810 17:21:23.792" level="INFO">Test 2.4.7.1.2.2.3 Pass</msg>
<msg timestamp="20160810 17:21:23.792" level="INFO">Test 2.4.7.1.2.2.4.1 Pass</msg>
<msg timestamp="20160810 17:21:23.792" level="INFO">Test 2.4.7 Pass</msg>
<msg timestamp="20160810 17:21:23.792" level="INFO">Test 2.4.9.1 Pass. 8qjT1UBOJeA9 was submitted</msg>
<msg timestamp="20160810 17:21:23.792" level="INFO">Test 2.4.9 Pass</msg>
<msg timestamp="20160810 17:21:23.792" level="INFO">Plot '8qjT1UBOJeA9' found in landcover in airplane mode as expected</msg>
<msg timestamp="20160810 17:21:23.793" level="INFO">Landcover for plot 8qjT1UBOJeA9 was submitted and site summary properly displayed</msg>
<msg timestamp="20160810 17:21:23.793" level="INFO">Test 0.1 Pass</msg>
<msg timestamp="20160810 17:21:23.793" level="INFO">Test 0.2 Pass</msg>
<msg timestamp="20160810 17:21:23.793" level="INFO">Test 0.3 Pass</msg>
<msg timestamp="20160810 17:21:23.798" level="INFO">Starting new HTTPS connection (1): saucelabs.com</msg>
<msg timestamp="20160810 17:21:24.617" html="yes" level="INFO">&lt;a href="https://saucelabs.com/jobs/fd39302671e647b9b54781801eb8021b/video.flv"&gt;video.flv&lt;/a&gt;</msg>
<status status="PASS" endtime="20160810 17:21:24.843" starttime="20160810 17:14:40.894"></status>
</kw>
<doc>[Documentation] Launches Web App directly and tests addition of a plot and Runs tests in category 0 of manual test plan on app tests this includes airplane testing. This is skipped for web app as airplane mode doesn't exist.. Library and test structure is in library Test case.py. Return what tests failed and were successful. Test Fails if Critical test is a failure.</doc>
<tags>
<tag>WebApp</tag>
</tags>
<status status="PASS" endtime="20160810 17:21:24.844" critical="yes" starttime="20160810 17:14:34.921"></status>
</test>
<test id="s1-t10" name="Web App Test Case 3.1.x Win8_1 internet explorer">
<kw name="Get Sauce Creds Jenkins" library="SauceLabs">
<assign>
<var>${Creds}</var>
</assign>
<msg timestamp="20160810 17:21:24.851" level="INFO">${Creds} = http://Barnebre:216526d7-706f-4eff-bf40-9d774203e268@ondemand.saucelabs.com:80/wd/hub</msg>
<status status="PASS" endtime="20160810 17:21:24.851" starttime="20160810 17:21:24.850"></status>
</kw>
<kw name="Set Browser" library="Test_Case">
<arguments>
<arg>${Creds}</arg>
<arg>bSelenium=True</arg>
<arg>platform=${Platform}</arg>
<arg>os=${OS}</arg>
<arg>browserName=${BrowserName}</arg>
<arg>browser-version=${BrowserVersion}</arg>
</arguments>
<msg timestamp="20160810 17:21:24.854" level="INFO">Opening browser 'firefox' to base url 'http://www.google.com' through remote server at 'http://Barnebre:216526d7-706f-4eff-bf40-9d774203e268@ondemand.saucelabs.com:80/wd/hub'</msg>
<status status="PASS" endtime="20160810 17:21:29.674" starttime="20160810 17:21:24.851"></status>
</kw>
<kw name="Verify Portal And App Data Match" library="Test_Case">
<arguments>
<arg>bSelenium=True</arg>
</arguments>
<msg timestamp="20160810 17:21:29.679" level="INFO">Starting new HTTP connection (1): testapi.landpotential.org</msg>
<msg timestamp="20160810 17:24:04.296" level="INFO">2 sucessful activies.</msg>
<msg timestamp="20160810 17:24:04.296" level="INFO">Test 2.1.1 Pass</msg>
<msg timestamp="20160810 17:24:04.296" level="INFO">Data returned from portal matched app data. 190 plots matched.</msg>
<msg timestamp="20160810 17:24:04.301" level="INFO">Starting new HTTPS connection (1): saucelabs.com</msg>
<msg timestamp="20160810 17:24:04.594" html="yes" level="INFO">&lt;a href="https://saucelabs.com/jobs/345d07b9eb9040099a0fe4c508a3435d/video.flv"&gt;video.flv&lt;/a&gt;</msg>
<status status="PASS" endtime="20160810 17:24:04.836" starttime="20160810 17:21:29.675"></status>
</kw>
<doc>[Documentation] Launches Web App directly and tests addition of a plot and Runs tests in category 3.1 of manual test plan on app tests This test takes a good while on phone emulation.. Library and test structure is in library Test case.py. Return what tests failed and were successful. Test Fails if Critical test is a failure.</doc>
<tags>
<tag>Portal</tag>
<tag>WebApp</tag>
</tags>
<status status="PASS" endtime="20160810 17:24:04.836" critical="yes" starttime="20160810 17:21:24.845"></status>
</test>
<status status="FAIL" endtime="20160810 17:24:04.842" starttime="20160810 16:29:49.043"></status>
</suite>
<statistics>
<total>
<stat fail="6" pass="4">Critical Tests</stat>
<stat fail="6" pass="4">All Tests</stat>
</total>
<tag>
<stat fail="1" pass="1">Portal</stat>
<stat fail="6" pass="4">WebApp</stat>
</tag>
<suite>
<stat fail="6" id="s1" name="DynaTestGened" pass="4">DynaTestGened</stat>
</suite>
</statistics>
<errors>
<msg timestamp="20160810 16:30:55.596" level="ERROR">WebDriver exception unknown error while finding element //div[@nav-bar='active']//span[@class='right-buttons']/a[@class='button button-icon ion-ios-rainy'] by xpath</msg>
<msg timestamp="20160810 16:30:57.126" level="ERROR">Test Case Failed at 0:01:07.870000 in video.</msg>
<msg timestamp="20160810 16:31:59.398" level="ERROR">WebDriver exception unknown error while finding element //div[@nav-bar='active']//span[@class='right-buttons']/a[@class='button button-icon ion-gear-b'] by xpath</msg>
<msg timestamp="20160810 16:31:59.399" level="ERROR">Test 2.1 Failed at 0:01:02.259000 in video.</msg>
<msg timestamp="20160810 16:31:59.399" level="ERROR">Encountered 1 error(s).</msg>
<msg timestamp="20160810 16:31:59.399" level="ERROR">Test 2.1 Failed at 0:01:02.259000 in video.</msg>
<msg timestamp="20160810 16:31:59.841" level="ERROR">Test Case Failed at 0:01:02.701000 in video.</msg>
<msg timestamp="20160810 16:33:04.969" level="ERROR">WebDriver exception unknown error while finding element //div[@nav-bar='active']//span[@class='right-buttons']/a[@class='button button-icon ion-plus-round'] by xpath</msg>
<msg timestamp="20160810 16:34:12.451" level="ERROR">WebDriver exception unknown error while finding element //div[@nav-bar='active']//span[@class='right-buttons']/a[@class='button button-icon ion-plus-round'] by xpath</msg>
<msg timestamp="20160810 16:34:12.452" level="ERROR">Test 0.3 Failed at 0:01:06.924000 in video.</msg>
<msg timestamp="20160810 16:34:12.452" level="ERROR">Encountered 1 error(s).</msg>
<msg timestamp="20160810 16:34:12.452" level="ERROR">Test 0.3 Failed at 0:01:06.924000 in video.</msg>
<msg timestamp="20160810 16:34:12.967" level="ERROR">Test Case Failed at 0:01:07.439000 in video.</msg>
<msg timestamp="20160810 17:06:15.919" level="ERROR">WebDriver exception unknown error while finding element //div[@nav-bar='active']//span[@class='right-buttons']/a[@class='button button-icon ion-ios-rainy'] by xpath</msg>
<msg timestamp="20160810 17:06:16.724" level="ERROR">Test Case Failed at 0:01:05.322000 in video.</msg>
</errors>
</robot>
